
40: mpv5.logging.LogConsole: Logging to File: install.log
41: mpv5.Main: Sun Dec 05 16:09:38 CET 2010
42: mpv5.globals.LocalSettings: Changing property 'ooobinaryfolder' to: program
43: mpv5.data.PropertyStore: Adding or replacing property: ooobinaryfolder = program
44: mpv5.data.PropertyStore: Adding or replacing property: driver = org.apache.derby.jdbc.ClientDriver
45: mpv5.data.PropertyStore: Adding or replacing property: url = /home/anti/Desktop
46: mpv5.data.PropertyStore: Adding or replacing property: user = 
47: mpv5.data.PropertyStore: Adding or replacing property: password = 
48: mpv5.data.PropertyStore: Adding or replacing property: dbname = yabs0db
49: mpv5.data.PropertyStore: Adding or replacing property: dbprefix = 
50: mpv5.globals.LocalSettings: Changing property 'dbpath' to: /home/anti/Desktop
51: mpv5.data.PropertyStore: Change property: /home/anti/Desktop for dbpath
52: mpv5.globals.LocalSettings: Changing property 'dbdriver' to: org.apache.derby.jdbc.ClientDriver
53: mpv5.data.PropertyStore: Change property: org.apache.derby.jdbc.ClientDriver for dbdriver
54: mpv5.globals.LocalSettings: Changing property 'dbuser' to: 
55: mpv5.data.PropertyStore: Adding or replacing property: dbuser = 
56: mpv5.globals.LocalSettings: Changing property 'dbpassword' to: 
57: mpv5.data.PropertyStore: Adding or replacing property: dbpassword = 
58: mpv5.globals.LocalSettings: Changing property 'dbname' to: yabs0db
59: mpv5.data.PropertyStore: Change property: yabs0db for dbname
60: mpv5.globals.LocalSettings: Changing property 'dbprefix' to: 
61: mpv5.data.PropertyStore: Adding or replacing property: dbprefix = 
62: mpv5.globals.LocalSettings: Changing property 'ooouse' to: false
63: mpv5.data.PropertyStore: Adding or replacing property: ooouse = false
64: mpv5.globals.LocalSettings: Changing property 'dbtype' to: single
65: mpv5.data.PropertyStore: Change property: single for dbtype
66: mpv5.db.common.DatabaseConnection: Driver: org.apache.derby.jdbc.ClientDriver
67: mpv5.db.common.DatabaseConnection: RECONNECT::Datenbankverbindung: jdbc:derby:/home/anti/Desktop/yabs0db;create=true;
68: mpv5.globals.LocalSettings: Writing local settings: null
69: mpv5.data.PropertyStore: Adding or replacing property: nodeid = 0
70: mpv5.data.PropertyStore: Adding or replacing property: proxyhost = null
71: mpv5.data.PropertyStore: Adding or replacing property: dbrowlimit = 0
72: mpv5.db.common.QueryHandler: Setting global row limit to: 0
73: mpv5.data.PropertyStore: Adding or replacing property: dbautolock = false
74: mpv5.data.PropertyStore: Adding or replacing property: scrollpane = null
75: mpv5.ui.dialogs.subcomponents.wizard_DBSettings_1: Running DB install queries...
76: CREATE TABLE groups (IDS BIGINT NOT NULL GENERATED ALWAYS AS IDENTITY (START WITH 1, INCREMENT BY 1), cname VARCHAR(250) UNIQUE NOT NULL,description VARCHAR(750) DEFAULT NULL,defaults VARCHAR(250) DEFAULT NULL,groupsids BIGINT DEFAULT 0,dateadded DATE NOT NULL,reserve1 VARCHAR(500) DEFAULT NULL,intaddedby BIGINT DEFAULT 0, hierarchypath VARCHAR(500) DEFAULT NULL, reserve2 VARCHAR(500) DEFAULT NULL, PRIMARY KEY  (ids))
77: mpv5.logging.Log: java.sql.SQLException: Table/View 'GROUPS' already exists in Schema 'APP'.
78: java.sql.SQLException: Table/View 'GROUPS' already exists in Schema 'APP'.
	at org.apache.derby.impl.jdbc.SQLExceptionFactory40.getSQLException(Unknown Source)
	at org.apache.derby.impl.jdbc.Util.generateCsSQLException(Unknown Source)
	at org.apache.derby.impl.jdbc.TransactionResourceImpl.wrapInSQLException(Unknown Source)
	at org.apache.derby.impl.jdbc.TransactionResourceImpl.handleException(Unknown Source)
	at org.apache.derby.impl.jdbc.EmbedConnection.handleException(Unknown Source)
	at org.apache.derby.impl.jdbc.ConnectionChild.handleException(Unknown Source)
	at org.apache.derby.impl.jdbc.EmbedStatement.executeStatement(Unknown Source)
	at org.apache.derby.impl.jdbc.EmbedStatement.execute(Unknown Source)
	at org.apache.derby.impl.jdbc.EmbedStatement.execute(Unknown Source)
	at mpv5.db.common.DatabaseConnection.runQueries(DatabaseConnection.java:209)
	at mpv5.ui.dialogs.subcomponents.wizard_DBSettings_1.DBVerification(wizard_DBSettings_1.java:108)
	at mpv5.ui.dialogs.subcomponents.wizard_DBSettings_1.next(wizard_DBSettings_1.java:516)
	at mpv5.ui.dialogs.Wizard$4.run(Wizard.java:208)
	at java.lang.Thread.run(Thread.java:662)
Caused by: java.sql.SQLException: Table/View 'GROUPS' already exists in Schema 'APP'.
	at org.apache.derby.impl.jdbc.SQLExceptionFactory.getSQLException(Unknown Source)
	at org.apache.derby.impl.jdbc.SQLExceptionFactory40.wrapArgsForTransportAcrossDRDA(Unknown Source)
	... 14 more
Caused by: ERROR X0Y32: Table/View 'GROUPS' already exists in Schema 'APP'.
	at org.apache.derby.iapi.error.StandardException.newException(Unknown Source)
	at org.apache.derby.impl.sql.catalog.DataDictionaryImpl.duplicateDescriptorException(Unknown Source)
	at org.apache.derby.impl.sql.catalog.DataDictionaryImpl.addDescriptor(Unknown Source)
	at org.apache.derby.impl.sql.execute.CreateTableConstantAction.executeConstantAction(Unknown Source)
	at org.apache.derby.impl.sql.execute.MiscResultSet.open(Unknown Source)
	at org.apache.derby.impl.sql.GenericPreparedStatement.executeStmt(Unknown Source)
	at org.apache.derby.impl.sql.GenericPreparedStatement.execute(Unknown Source)
	... 8 more

79: 
Caused by:

80: java.sql.SQLException: Table/View 'GROUPS' already exists in Schema 'APP'.
	at org.apache.derby.impl.jdbc.SQLExceptionFactory.getSQLException(Unknown Source)
	at org.apache.derby.impl.jdbc.SQLExceptionFactory40.wrapArgsForTransportAcrossDRDA(Unknown Source)
	at org.apache.derby.impl.jdbc.SQLExceptionFactory40.getSQLException(Unknown Source)
	at org.apache.derby.impl.jdbc.Util.generateCsSQLException(Unknown Source)
	at org.apache.derby.impl.jdbc.TransactionResourceImpl.wrapInSQLException(Unknown Source)
	at org.apache.derby.impl.jdbc.TransactionResourceImpl.handleException(Unknown Source)
	at org.apache.derby.impl.jdbc.EmbedConnection.handleException(Unknown Source)
	at org.apache.derby.impl.jdbc.ConnectionChild.handleException(Unknown Source)
	at org.apache.derby.impl.jdbc.EmbedStatement.executeStatement(Unknown Source)
	at org.apache.derby.impl.jdbc.EmbedStatement.execute(Unknown Source)
	at org.apache.derby.impl.jdbc.EmbedStatement.execute(Unknown Source)
	at mpv5.db.common.DatabaseConnection.runQueries(DatabaseConnection.java:209)
	at mpv5.ui.dialogs.subcomponents.wizard_DBSettings_1.DBVerification(wizard_DBSettings_1.java:108)
	at mpv5.ui.dialogs.subcomponents.wizard_DBSettings_1.next(wizard_DBSettings_1.java:516)
	at mpv5.ui.dialogs.Wizard$4.run(Wizard.java:208)
	at java.lang.Thread.run(Thread.java:662)
Caused by: ERROR X0Y32: Table/View 'GROUPS' already exists in Schema 'APP'.
	at org.apache.derby.iapi.error.StandardException.newException(Unknown Source)
	at org.apache.derby.impl.sql.catalog.DataDictionaryImpl.duplicateDescriptorException(Unknown Source)
	at org.apache.derby.impl.sql.catalog.DataDictionaryImpl.addDescriptor(Unknown Source)
	at org.apache.derby.impl.sql.execute.CreateTableConstantAction.executeConstantAction(Unknown Source)
	at org.apache.derby.impl.sql.execute.MiscResultSet.open(Unknown Source)
	at org.apache.derby.impl.sql.GenericPreparedStatement.executeStmt(Unknown Source)
	at org.apache.derby.impl.sql.GenericPreparedStatement.execute(Unknown Source)
	... 8 more

81: mpv5.globals.LocalSettings: Changing property 'cachedir' to: /home/anti/.yabs/Cache
82: mpv5.data.PropertyStore: Change property: /home/anti/.yabs/Cache for cachedir
83: mpv5.globals.LocalSettings: Writing local settings: null
84: mpv5.data.PropertyStore: Change property: 0 for nodeid
85: mpv5.utils.xml.XMLWriter: Node exists: connection: 0
86: mpv5.utils.xml.XMLWriter: Updating /home/anti/.yabs/settings0.yabs
87: mpv5.data.PropertyStore: Change property: org.apache.derby.jdbc.ClientDriver for driver
88: mpv5.data.PropertyStore: Change property: /home/anti/Desktop for url
89: mpv5.data.PropertyStore: Change property:  for user
90: mpv5.data.PropertyStore: Change property:  for password
91: mpv5.data.PropertyStore: Change property: yabs0db for dbname
92: mpv5.data.PropertyStore: Change property:  for dbprefix
93: mpv5.globals.LocalSettings: Changing property 'dbpath' to: /home/anti/Desktop
94: mpv5.data.PropertyStore: Change property: /home/anti/Desktop for dbpath
95: mpv5.globals.LocalSettings: Changing property 'dbdriver' to: org.apache.derby.jdbc.ClientDriver
96: mpv5.data.PropertyStore: Change property: org.apache.derby.jdbc.ClientDriver for dbdriver
97: mpv5.globals.LocalSettings: Changing property 'dbuser' to: 
98: mpv5.data.PropertyStore: Change property:  for dbuser
99: mpv5.globals.LocalSettings: Changing property 'dbpassword' to: 
100: mpv5.data.PropertyStore: Change property:  for dbpassword
101: mpv5.globals.LocalSettings: Changing property 'dbname' to: yabs0db
102: mpv5.data.PropertyStore: Change property: yabs0db for dbname
103: mpv5.globals.LocalSettings: Changing property 'dbprefix' to: 
104: mpv5.data.PropertyStore: Change property:  for dbprefix
105: mpv5.globals.LocalSettings: Changing property 'ooouse' to: false
106: mpv5.data.PropertyStore: Change property: false for ooouse
107: mpv5.globals.LocalSettings: Changing property 'dbtype' to: single
108: mpv5.data.PropertyStore: Change property: single for dbtype
109: mpv5.db.common.DatabaseConnection: Driver: org.apache.derby.jdbc.ClientDriver
110: mpv5.db.common.DatabaseConnection: RECONNECT::Datenbankverbindung: jdbc:derby:/home/anti/Desktop/yabs0db;
111: mpv5.globals.LocalSettings: Writing local settings: null
112: mpv5.data.PropertyStore: Change property: 0 for nodeid
113: mpv5.utils.xml.XMLWriter: Node exists: connection: 0
114: mpv5.utils.xml.XMLWriter: Node exists: connection: 0
115: mpv5.utils.xml.XMLWriter: Updating /home/anti/.yabs/settings0.yabs
116: mpv5.globals.LocalSettings: Changing property 'cachedir' to: /home/anti/.yabs/Cache
117: mpv5.data.PropertyStore: Change property: /home/anti/.yabs/Cache for cachedir
118: mpv5.globals.LocalSettings: Writing local settings: null
119: mpv5.data.PropertyStore: Change property: 0 for nodeid
120: mpv5.utils.xml.XMLWriter: Node exists: connection: 0
121: mpv5.utils.xml.XMLWriter: Node exists: connection: 0
122: mpv5.utils.xml.XMLWriter: Node exists: connection: 0
123: mpv5.utils.xml.XMLWriter: Updating /home/anti/.yabs/settings0.yabs
124: mpv5.utils.files.FileReaderWriter: /home/anti/.yabs/.Yabs-Yabs-1.175.lck (No such file or directory)
125: mpv5.Main: Application will start now: /home/anti/.yabs/.Yabs-Yabs-1.175.lck
126: mpv5.data.PropertyStore: Adding or replacing property: lastuser = 1
127: mpv5.data.PropertyStore: Adding or replacing property: lastuserpw = 5F4DCC3B5AA765D61D8327DEB882CF99
128: mpv5.Main: Checking for auto login.. 
129: mpv5.db.common.QueryHandler: Checking database version..
130: mpv5.db.common.QueryHandler: Database version found: 1.1841
131: mpv5.data.PropertyStore: Adding or replacing property: dbescape = true
132: mpv5.db.common.QueryHandler: freeSelectQuery::SELECT * FROM users WHERE users.ids = 1 AND users.IDS>0
133: mpv5.db.common.DatabaseObject: Preparing to explode rows: 1
134: mpv5.Main: Trying to login user: admin
135: mpv5.db.common.QueryHandler: freeSelectQuery::SELECT * FROM users WHERE users.IDS>0
136: mpv5.db.common.DatabaseObject: Preparing to explode rows: 1
137: mpv5.db.common.DatabaseObject: Rows found: 1
138: mpv5.db.common.QueryHandler: freeSelectQuery::SELECT iso,cname FROM countries WHERE countries.IDS>0
139: mpv5.i18n.LanguageManager: Cached countries: 1
140: mpv5.data.PropertyStore: Adding or replacing property: oootremoteserver = false
141: mpv5.db.common.QueryHandler: freeSelectQuery::SELECT cname, usersids, itemsids FROM favourites  WHERE favourites.usersids = 4343 AND favourites.IDS>0
142: mpv5.globals.Messages: Can't find resource for bundle java.util.PropertyResourceBundle, key START_MESSAGE
143: mpv5.globals.LocalSettings: Writing local settings: 0
144: mpv5.data.PropertyStore: Change property: 0 for nodeid
145: mpv5.utils.xml.XMLWriter: Node exists: connection: 0
146: mpv5.utils.xml.XMLWriter: Node exists: connection: 0
147: mpv5.utils.xml.XMLWriter: Node exists: connection: 0
148: mpv5.utils.xml.XMLWriter: Node exists: connection: 0
149: mpv5.utils.xml.XMLWriter: Updating /home/anti/.yabs/settings0.yabs
150: mpv5.db.common.QueryHandler: freeSelectQuery::SELECT contacts.IDS,contacts.CNUMBER,contacts.TITLE,contacts.PRENAME,contacts.CNAME,contacts.STREET,contacts.ZIP,contacts.CITY,contacts.MAINPHONE,contacts.FAX,contacts.MOBILEPHONE,contacts.WORKPHONE,contacts.COMPANY,contacts.MAILADDRESS,contacts.WEBSITE,contacts.NOTES,contacts.TAXNUMBER FROM contacts  WHERE  contacts.iscustomer=1  AND contacts.invisible = 0 
151: mpv5.db.common.QueryHandler: DELETE FROM tablelock WHERE tablelock.usersids = 4343
152: mpv5.db.common.QueryHandler: DELETE FROM globalsettings WHERE groupsids=2
153: mpv5.globals.LocalSettings: Writing local settings: 0
154: mpv5.data.PropertyStore: Change property: 0 for nodeid
155: mpv5.utils.xml.XMLWriter: Node exists: connection: 0
156: mpv5.utils.xml.XMLWriter: Node exists: connection: 0
157: mpv5.utils.xml.XMLWriter: Node exists: connection: 0
158: mpv5.utils.xml.XMLWriter: Node exists: connection: 0
159: mpv5.utils.xml.XMLWriter: Node exists: connection: 0
160: mpv5.utils.xml.XMLWriter: Updating /home/anti/.yabs/settings0.yabs
161: mpv5.db.common.QueryHandler: Database statistics:
162: mpv5.Main: Count: 1 for query: SELECT contacts.IDS,contacts.CNUMBER,contacts.TITLE,contacts.PRENAME,contacts.CNAME,contacts.STREET,contacts.ZIP,contacts.CITY,contacts.MAINPHONE,contacts.FAX,contacts.MOBILEPHONE,contacts.WORKPHONE,contacts.COMPANY,contacts.MAILADDRESS,contacts.WEBSITE,contacts.NOTES,contacts.TAXNUMBER FROM contacts  WHERE  contacts.iscustomer=1  AND contacts.invisible = 0 
Count: 1 for query: DELETE FROM tablelock WHERE tablelock.usersids = 4343
Count: 1 for query: SELECT cname, usersids, itemsids FROM favourites  WHERE favourites.usersids = 4343 AND favourites.IDS>0
Count: 1 for query: SELECT * FROM users WHERE users.IDS>0
Count: 1 for query: SELECT * FROM users WHERE users.ids = 1 AND users.IDS>0
Count: 1 for query: DELETE FROM globalsettings WHERE groupsids=2
Count: 1 for query: SELECT iso,cname FROM countries WHERE countries.IDS>0

163: So Long, and Thanks for All the Fish.