
23: mpv5.logging.LogConsole: Logging to File: install.log
24: mpv5.Main: Fri Jun 12 15:53:04 CEST 2009
25: mpv5.data.PropertyStore: Adding property: driver = org.apache.derby.jdbc.ClientDriver
26: mpv5.data.PropertyStore: Adding property: url = /home/anti/.mp
27: mpv5.data.PropertyStore: Adding property: user = 
28: mpv5.data.PropertyStore: Adding property: password = 
29: mpv5.data.PropertyStore: Adding property: dbname = mpv5db
30: mpv5.globals.LocalSettings: Changing property 'dbpath' to: /home/anti/.mp
31: mpv5.data.PropertyStore: Change property: /home/anti/.mp for dbpath
32: mpv5.globals.LocalSettings: Changing property 'dbdriver' to: org.apache.derby.jdbc.ClientDriver
33: mpv5.data.PropertyStore: Change property: org.apache.derby.jdbc.ClientDriver for dbdriver
34: mpv5.globals.LocalSettings: Changing property 'dbuser' to: 
35: mpv5.data.PropertyStore: Change property:  for dbuser
36: mpv5.globals.LocalSettings: Changing property 'dbpassword' to: 
37: mpv5.data.PropertyStore: Change property:  for dbpassword
38: mpv5.globals.LocalSettings: Changing property 'dbname' to: mpv5db
39: mpv5.data.PropertyStore: Change property: mpv5db for dbname
40: mpv5.globals.LocalSettings: Changing property 'dbtype' to: single
41: mpv5.data.PropertyStore: Change property: single for dbtype
42: mpv5.db.common.DatabaseConnection: Datenbanktreiber: org.apache.derby.jdbc.ClientDriver
43: mpv5.db.common.DatabaseConnection: Datenbankverbindung: jdbc:derby:/home/anti/.mp/mpv5db;create=true;
44: mpv5.data.PropertyStore: Adding property: proxyhost = null
45: mpv5.data.PropertyStore: Adding property: dbrowlimit = 0
46: mpv5.db.common.QueryHandler: Setting row limit to: 0
47: mpv5.data.PropertyStore: Adding property: dbautolock = false
48: mpv5.db.common.DatabaseConnection: CREATE TABLE groups (IDS BIGINT NOT NULL GENERATED ALWAYS AS IDENTITY (START WITH 1, INCREMENT BY 1),cname VARCHAR(250) UNIQUE NOT NULL,description VARCHAR(750) DEFAULT NULL,defaults VARCHAR(250) DEFAULT NULL,groupsids BIGINT DEFAULT 0,dateadded DATE NOT NULL,reserve1 VARCHAR(500) default NULL,intaddedby BIGINT DEFAULT 0, reserve2 VARCHAR(500) default NULL, PRIMARY KEY  (ids))
49: mpv5.db.common.DatabaseConnection: CREATE TABLE tax (IDS BIGINT NOT NULL GENERATED ALWAYS AS IDENTITY (START WITH 1, INCREMENT BY 1),cname VARCHAR(250), taxvalue DOUBLE DEFAULT 0,identifier VARCHAR(250) UNIQUE NOT NULL,reserve1 VARCHAR(500) default NULL,reserve2 VARCHAR(500) default NULL,dateadded DATE NOT NULL,intaddedby BIGINT DEFAULT 0,PRIMARY KEY  (ids))
50: mpv5.db.common.DatabaseConnection: CREATE TABLE history (IDS BIGINT NOT NULL GENERATED ALWAYS AS IDENTITY (START WITH 1, INCREMENT BY 1),cname VARCHAR(250)  NOT NULL, username VARCHAR(250) NOT NULL,dbidentity VARCHAR(25)  NOT NULL, INTitem SMALLINT NOT NULL,groupsids BIGINT DEFAULT 0, dateadded DATE NOT NULL,intaddedby BIGINT DEFAULT 0,reserve1 VARCHAR(500) default NULL, reserve2 VARCHAR(500) default NULL,PRIMARY KEY  (ids))
51: mpv5.db.common.DatabaseConnection: CREATE TABLE countries (IDS BIGINT NOT NULL GENERATED ALWAYS AS IDENTITY (START WITH 1, INCREMENT BY 1),cname VARCHAR(250)  UNIQUE NOT NULL, iso SMALLINT  UNIQUE NOT NULL,groupsids BIGINT DEFAULT 0,reserve1 VARCHAR(500) default NULL, reserve2 VARCHAR(500) default NULL,PRIMARY KEY  (ids))
52: mpv5.db.common.DatabaseConnection: CREATE TABLE searchindex (IDS BIGINT NOT NULL GENERATED ALWAYS AS IDENTITY (START WITH 1, INCREMENT BY 1),dbidentity VARCHAR(25) NOT NULL, rowID BIGINT NOT NULL,text VARCHAR(5000) default NULL)
53: mpv5.db.common.DatabaseConnection: CREATE TABLE contacts (IDS BIGINT NOT NULL GENERATED ALWAYS AS IDENTITY (START WITH 1, INCREMENT BY 1),cnumber VARCHAR(250) UNIQUE DEFAULT NULL, taxnumber VARCHAR(250), title VARCHAR(250) default NULL,groupsids BIGINT  REFERENCES groups(ids) DEFAULT 1,country VARCHAR(50) default NULL, prename VARCHAR(250) default NULL, cname VARCHAR(250) default NULL, street VARCHAR(250) default NULL,zip VARCHAR(50) default NULL,city VARCHAR(300) default NULL, mainphone VARCHAR(250) default NULL,fax VARCHAR(250) default NULL,mobilephone VARCHAR(250) default NULL,workphone VARCHAR(250) default NULL,mailaddress VARCHAR(350) default NULL,company VARCHAR(250) DEFAULT NULL, department VARCHAR(250) DEFAULT NULL,website VARCHAR(350) default NULL,notes VARCHAR(10000),dateadded DATE NOT NULL,isactive SMALLINT DEFAULT 0,iscustomer SMALLINT DEFAULT 0,ismanufacturer SMALLINT DEFAULT 0,issupplier SMALLINT DEFAULT 0,iscompany SMALLINT DEFAULT 0,ismale SMALLINT DEFAULT 0,isenabled SMALLINT DEFAULT 1,intaddedby BIGINT DEFAULT 0, invisible SMALLINT DEFAULT 0, reserve1 VARCHAR(500) default NULL,reserve2 VARCHAR(500) default NULL,PRIMARY KEY  (ids))
54: mpv5.db.common.DatabaseConnection: CREATE TABLE users (IDS BIGINT NOT NULL GENERATED ALWAYS AS IDENTITY (START WITH 1, INCREMENT BY 1),cname VARCHAR(250) UNIQUE NOT NULL, groupsids BIGINT  REFERENCES groups(ids) DEFAULT 1, intdefaultaccount BIGINT DEFAULT 1,fullname VARCHAR(250) NOT NULL, password VARCHAR(250) NOT NULL,laf VARCHAR(50) default NULL, locale VARCHAR(50) default NULL, defcountry VARCHAR(50) default NULL, mail VARCHAR(50) default NULL, language VARCHAR(50) default NULL, inthighestright SMALLINT DEFAULT 3,isenabled SMALLINT DEFAULT 1,isrgrouped SMALLINT DEFAULT 0,isloggedin SMALLINT DEFAULT 0,datelastlog DATE default NULL, dateadded DATE NOT NULL,intaddedby BIGINT DEFAULT 0,invisible SMALLINT DEFAULT 0,reserve1 VARCHAR(500) default NULL,reserve2 VARCHAR(500) default NULL,PRIMARY KEY  (ids))
55: mpv5.db.common.DatabaseConnection: CREATE TABLE files (IDS BIGINT NOT NULL GENERATED ALWAYS AS IDENTITY (START WITH 1, INCREMENT BY 1),cname VARCHAR(25) UNIQUE NOT NULL, groupsids BIGINT  REFERENCES groups(ids) DEFAULT 1,dateadded DATE NOT NULL,data BLOB(5M) NOT NULL,filesize BIGINT NOT NULL,intaddedby BIGINT DEFAULT 0,invisible SMALLINT DEFAULT 0,PRIMARY KEY  (ids))
56: mpv5.db.common.DatabaseConnection: CREATE TABLE languages(IDS BIGINT NOT NULL GENERATED ALWAYS AS IDENTITY (START WITH 1, INCREMENT BY 1),cname VARCHAR(250) UNIQUE NOT NULL, groupsids BIGINT  REFERENCES groups(ids) DEFAULT 1,longname VARCHAR(250) UNIQUE NOT NULL, filename VARCHAR(25) NOT NULL REFERENCES files(cname) ON DELETE CASCADE,dateadded DATE NOT NULL,intaddedby BIGINT DEFAULT 0,invisible SMALLINT DEFAULT 0,reserve1 VARCHAR(500) default NULL,reserve2 VARCHAR(500) default NULL,PRIMARY KEY  (ids))
57: mpv5.db.common.DatabaseConnection: CREATE TABLE favourites (IDS BIGINT NOT NULL GENERATED ALWAYS AS IDENTITY (START WITH 1, INCREMENT BY 1),cname VARCHAR(250) NOT NULL, usersids BIGINT REFERENCES users (ids)  ON DELETE CASCADE,groupsids BIGINT  REFERENCES groups(ids) DEFAULT 1,itemsids BIGINT NOT NULL,dateadded DATE NOT NULL,intaddedby BIGINT DEFAULT 0,invisible SMALLINT DEFAULT 0,reserve1 VARCHAR(500) default NULL, reserve2 VARCHAR(500) default NULL,PRIMARY KEY  (ids))
58: mpv5.db.common.DatabaseConnection: CREATE TABLE accounts(IDS BIGINT NOT NULL GENERATED ALWAYS AS IDENTITY (START WITH 1, INCREMENT BY 1), intaccountclass SMALLINT DEFAULT 0, cname VARCHAR(250) NOT NULL, description VARCHAR(250) NOT NULL, taxvalue DOUBLE NOT NULL DEFAULT 0, dateadded DATE NOT NULL,intaddedby BIGINT DEFAULT 0, intparentaccount BIGINT DEFAULT 0, groupsids BIGINT  REFERENCES groups(ids) DEFAULT 1, invisible SMALLINT DEFAULT 0, intaccounttype SMALLINT NOT NULL, PRIMARY KEY  (ids))
59: mpv5.db.common.DatabaseConnection: CREATE TABLE items (IDS BIGINT NOT NULL GENERATED ALWAYS AS IDENTITY (START WITH 1, INCREMENT BY 1), cname VARCHAR(250) UNIQUE NOT NULL, description VARCHAR(2500) DEFAULT NULL, groupsids BIGINT  REFERENCES groups(ids) DEFAULT 1, defaultaccountsids BIGINT  REFERENCES accounts(ids) DEFAULT 1,contactsids BIGINT REFERENCES contacts(ids)  ON DELETE CASCADE, netvalue DOUBLE DEFAULT 0,taxvalue DOUBLE DEFAULT 0, datetodo DATE DEFAULT NULL, dateend DATE DEFAULT NULL, intreminders INTEGER DEFAULT 0, inttype SMALLINT DEFAULT 0, dateadded DATE NOT NULL,intaddedby BIGINT DEFAULT 0,invisible SMALLINT DEFAULT 0,intstatus SMALLINT DEFAULT 0,reserve1 VARCHAR(500) default NULL, reserve2 VARCHAR(500) default NULL, PRIMARY KEY  (ids))
60: mpv5.db.common.DatabaseConnection: CREATE TABLE itemslists (IDS BIGINT NOT NULL GENERATED ALWAYS AS IDENTITY (START WITH 1, INCREMENT BY 1), description VARCHAR(2500), cname VARCHAR(250), groupsids BIGINT  REFERENCES groups(ids) DEFAULT 1, itemsids BIGINT  REFERENCES items(ids) ON DELETE RESTRICT,dateadded DATE NOT NULL,intaddedby BIGINT DEFAULT 0,invisible SMALLINT DEFAULT 0,reserve1 VARCHAR(500) default NULL, reserve2 VARCHAR(500) default NULL, PRIMARY KEY  (ids))
61: mpv5.db.common.DatabaseConnection: CREATE TABLE subitems (IDS BIGINT NOT NULL GENERATED ALWAYS AS IDENTITY (START WITH 1, INCREMENT BY 1), cname VARCHAR(2500) default NULL,itemsids BIGINT REFERENCES items(ids)  ON DELETE CASCADE, groupsids BIGINT  REFERENCES groups(ids) DEFAULT 1,originalproductsids BIGINT DEFAULT NULL, countvalue DOUBLE DEFAULT 0 NOT NULL, quantityvalue DOUBLE DEFAULT 0 NOT NULL, measure VARCHAR(250) NOT NULL,description VARCHAR(1000) default NULL,  value DOUBLE DEFAULT 0 NOT NULL, taxpercentvalue DOUBLE DEFAULT 0 NOT NULL,datedelivery DATE DEFAULT NULL, dateadded DATE NOT NULL,intaddedby BIGINT DEFAULT 0,invisible SMALLINT DEFAULT 0,reserve1 VARCHAR(500) default NULL,reserve2 VARCHAR(500) default NULL,PRIMARY KEY  (ids))
62: mpv5.db.common.DatabaseConnection: CREATE TABLE schedule (IDS BIGINT NOT NULL GENERATED ALWAYS AS IDENTITY (START WITH 1, INCREMENT BY 1),cname VARCHAR(250) NOT NULL, groupsids BIGINT  REFERENCES groups(ids) DEFAULT 1,usersids BIGINT REFERENCES users (ids)  ON DELETE CASCADE,itemsids BIGINT REFERENCES items (ids)  ON DELETE CASCADE,nextdate DATE NOT NULL, intervalmonth SMALLINT NOT NULL, dateadded DATE NOT NULL,intaddedby BIGINT DEFAULT 0,invisible SMALLINT DEFAULT 0,reserve1 VARCHAR(500) default NULL, reserve2 VARCHAR(500) default NULL,PRIMARY KEY  (ids))
63: mpv5.db.common.DatabaseConnection: CREATE TABLE products (IDS BIGINT NOT NULL GENERATED ALWAYS AS IDENTITY (START WITH 1, INCREMENT BY 1), cname VARCHAR(500) NOT NULL, cnumber VARCHAR(150) , description VARCHAR(500), externalnetvalue DOUBLE DEFAULT 0, internalnetvalue DOUBLE DEFAULT 0, measure VARCHAR(250) NOT NULL, taxids BIGINT REFERENCES tax(ids) ON DELETE CASCADE, manufacturersids BIGINT DEFAULT 0, suppliersids BIGINT DEFAULT 0, groupsids  BIGINT  REFERENCES groups(ids) DEFAULT 1,url VARCHAR(250) default NULL,ean VARCHAR(25) default null, reference VARCHAR(50) default null,dateadded DATE NOT NULL,intaddedby BIGINT DEFAULT 0,invisible SMALLINT DEFAULT 0, inttype SMALLINT NOT NULL, reserve1 VARCHAR(500) default NULL,reserve2 VARCHAR(500) default NULL,PRIMARY KEY  (ids))
64: mpv5.db.common.DatabaseConnection: CREATE TABLE userproperties(IDS BIGINT NOT NULL GENERATED ALWAYS AS IDENTITY (START WITH 1, INCREMENT BY 1),cname VARCHAR(250) NOT NULL, value VARCHAR(250) NOT NULL, usersids BIGINT NOT NULL, dateadded DATE NOT NULL,intaddedby BIGINT DEFAULT 0, groupsids BIGINT  REFERENCES groups(ids) DEFAULT 1,invisible SMALLINT DEFAULT 0, PRIMARY KEY  (ids))
65: mpv5.db.common.DatabaseConnection: CREATE TABLE messages(IDS BIGINT NOT NULL GENERATED ALWAYS AS IDENTITY (START WITH 1, INCREMENT BY 1),cname VARCHAR(550) NOT NULL, dateadded DATE NOT NULL,intaddedby BIGINT DEFAULT 0, groupsids BIGINT  REFERENCES groups(ids) DEFAULT 1,invisible SMALLINT DEFAULT 0, PRIMARY KEY  (ids))
66: mpv5.db.common.DatabaseConnection: CREATE TABLE tablelock (IDS BIGINT NOT NULL GENERATED ALWAYS AS IDENTITY (START WITH 1, INCREMENT BY 1),cname VARCHAR(250), rowID BIGINT NOT NULL, usersids BIGINT REFERENCES users(ids)  ON DELETE CASCADE,reserve1 VARCHAR(500) default NULL,reserve2 VARCHAR(500) default NULL,PRIMARY KEY  (ids), CONSTRAINT one_lock UNIQUE(cname, rowid))
67: mpv5.db.common.DatabaseConnection: CREATE TABLE itemstoaccounts (IDS BIGINT NOT NULL GENERATED ALWAYS AS IDENTITY (START WITH 1, INCREMENT BY 1), itemsids BIGINT NOT NULL REFERENCES items(ids) ON DELETE CASCADE, accountsids BIGINT REFERENCES accounts(ids)  ON DELETE CASCADE,reserve1 VARCHAR(500) default NULL,reserve2 VARCHAR(500) default NULL,PRIMARY KEY  (ids))
68: mpv5.db.common.DatabaseConnection: CREATE TABLE messagestoitems (IDS BIGINT NOT NULL GENERATED ALWAYS AS IDENTITY (START WITH 1, INCREMENT BY 1), itemsids BIGINT NOT NULL REFERENCES items(ids) ON DELETE CASCADE, messagesids BIGINT REFERENCES messages(ids)  ON DELETE CASCADE,reserve1 VARCHAR(500) default NULL,reserve2 VARCHAR(500) default NULL,PRIMARY KEY  (ids))
69: mpv5.db.common.DatabaseConnection: CREATE TABLE trashbin (IDS BIGINT NOT NULL GENERATED ALWAYS AS IDENTITY (START WITH 1, INCREMENT BY 1),cname VARCHAR(500), rowID BIGINT NOT NULL, description VARCHAR(2500), deleteme SMALLINT DEFAULT 1, reserve1 VARCHAR(500) default NULL,reserve2 VARCHAR(500) default NULL,PRIMARY KEY  (ids))
70: mpv5.db.common.DatabaseConnection: CREATE TABLE filestocontacts(IDS BIGINT NOT NULL GENERATED ALWAYS AS IDENTITY (START WITH 1, INCREMENT BY 1),cname VARCHAR(250) NOT NULL, description VARCHAR(550) DEFAULT NULL, contactsids BIGINT NOT NULL  REFERENCES contacts(ids) ON DELETE CASCADE,filename VARCHAR(25) NOT NULL REFERENCES files(cname) ON DELETE CASCADE,intaddedby BIGINT DEFAULT 0,dateadded DATE NOT NULL,groupsids BIGINT  REFERENCES groups(ids) DEFAULT 1,PRIMARY KEY  (ids))
71: mpv5.db.common.DatabaseConnection: CREATE TABLE plugins(IDS BIGINT NOT NULL GENERATED ALWAYS AS IDENTITY (START WITH 1, INCREMENT BY 1),cname VARCHAR(250) NOT NULL, description VARCHAR(550) DEFAULT NULL,filename VARCHAR(25) NOT NULL REFERENCES files(cname) ON DELETE CASCADE,intaddedby BIGINT DEFAULT 0,dateadded DATE NOT NULL,groupsids BIGINT  REFERENCES groups(ids) DEFAULT 1,PRIMARY KEY  (ids))
72: mpv5.db.common.DatabaseConnection: CREATE TABLE pluginstousers(IDS BIGINT NOT NULL GENERATED ALWAYS AS IDENTITY (START WITH 1, INCREMENT BY 1),cname VARCHAR(250) NOT NULL, usersids BIGINT NOT NULL, pluginsids BIGINT NOT NULL REFERENCES plugins(ids) ON DELETE CASCADE,intaddedby BIGINT DEFAULT 0,dateadded DATE NOT NULL,groupsids BIGINT  REFERENCES groups(ids) DEFAULT 1,PRIMARY KEY  (ids))
73: mpv5.db.common.DatabaseConnection: CREATE TABLE formatstousers(IDS BIGINT NOT NULL GENERATED ALWAYS AS IDENTITY (START WITH 1, INCREMENT BY 1),cname VARCHAR(250) NOT NULL, usersids BIGINT REFERENCES users(ids) ON DELETE CASCADE, inttype SMALLINT  DEFAULT 0,PRIMARY KEY  (ids))
74: mpv5.db.common.DatabaseConnection: CREATE TABLE addresses (IDS BIGINT NOT NULL GENERATED ALWAYS AS IDENTITY (START WITH 1, INCREMENT BY 1),groupsids BIGINT  REFERENCES groups(ids) DEFAULT 1,contactsids BIGINT REFERENCES contacts(ids),title VARCHAR(250) default NULL, taxnumber VARCHAR(250),prename VARCHAR(250) default NULL, cname VARCHAR(250) default NULL, street VARCHAR(250) default NULL,zip VARCHAR(50) default NULL,city VARCHAR(300) default NULL, company VARCHAR(250) DEFAULT NULL, department VARCHAR(250) DEFAULT NULL,country VARCHAR(50) default NULL, ismale SMALLINT DEFAULT 0,intaddedby BIGINT DEFAULT 0,dateadded DATE DEFAULT NULL,reserve1 VARCHAR(500) default NULL,reserve2 VARCHAR(500) default NULL,PRIMARY KEY  (ids))
75: mpv5.db.common.DatabaseConnection: CREATE TRIGGER contacts_indexer1 AFTER INSERT ON contacts REFERENCING NEW AS newdata FOR EACH ROW INSERT INTO searchindex (dbidentity, rowid, text) VALUES ('contacts',newdata.ids,newdata.cnumber||' '||newdata.taxnumber||' '||newdata.title||' '||newdata.country||' '|| newdata.prename||' '|| newdata.cname||' '|| newdata.street||' '||newdata.zip||' '|| newdata.city ||' '||newdata.mainphone||' '||newdata.fax||' '||newdata.mobilephone||' '||newdata.workphone||' '||newdata.mailaddress||' '||newdata.company||' '|| newdata.department||' '||newdata.website||' '||newdata.notes)
76: mpv5.db.common.DatabaseConnection: CREATE TRIGGER contacts_indexer2 AFTER UPDATE ON contacts REFERENCING NEW AS newdata FOR EACH ROW DELETE FROM searchindex WHERE dbidentity = 'contacts' AND  rowid = newdata.ids
77: mpv5.db.common.DatabaseConnection: CREATE TRIGGER contacts_indexer3 AFTER UPDATE ON contacts REFERENCING NEW AS newdata FOR EACH ROW INSERT INTO searchindex (dbidentity, rowid, text) VALUES ('contacts',newdata.ids,newdata.cnumber||' '||newdata.taxnumber||' '||newdata.title||' '||newdata.country||' '|| newdata.prename||' '|| newdata.cname||' '|| newdata.street||' '||newdata.zip||' '|| newdata.city ||' '||newdata.mainphone||' '||newdata.fax||' '||newdata.mobilephone||' '||newdata.workphone||' '||newdata.mailaddress||' '||newdata.company||' '|| newdata.department||' '||newdata.website||' '||newdata.notes)
78: mpv5.db.common.DatabaseConnection: CREATE TRIGGER contacts_indexer4 AFTER DELETE ON contacts REFERENCING OLD AS newdata FOR EACH ROW DELETE FROM searchindex WHERE dbidentity = 'contacts' AND  rowid = newdata.ids
79: mpv5.db.common.DatabaseConnection: CREATE TRIGGER contacts_trash1   AFTER UPDATE ON contacts REFERENCING NEW AS newdata FOR EACH ROW INSERT INTO trashbin (deleteme, cname, rowid, description) VALUES (newdata.invisible,'contacts',newdata.ids,newdata.cnumber||' ('|| newdata.cname||')')
80: mpv5.db.common.DatabaseConnection: CREATE TRIGGER contacts_trash2 AFTER DELETE ON contacts REFERENCING OLD AS newdata FOR EACH ROW DELETE FROM trashbin WHERE cname = 'contacts' AND  rowid = newdata.ids
81: mpv5.db.common.DatabaseConnection: CREATE TRIGGER filestocontacts_indexer1 AFTER INSERT ON filestocontacts REFERENCING NEW AS newdata FOR EACH ROW INSERT INTO searchindex (dbidentity, rowid, text) VALUES ('filestocontacts',newdata.ids,newdata.cname||' '||newdata.description||' '||newdata.filename)
82: mpv5.db.common.DatabaseConnection: CREATE TRIGGER filestocontacts_indexer2 AFTER UPDATE ON filestocontacts REFERENCING NEW AS newdata FOR EACH ROW DELETE FROM searchindex WHERE dbidentity = 'filestocontacts' AND  rowid = newdata.ids
83: mpv5.db.common.DatabaseConnection: CREATE TRIGGER filestocontacts_indexer3 AFTER UPDATE ON filestocontacts REFERENCING NEW AS newdata FOR EACH ROW INSERT INTO searchindex (dbidentity, rowid, text) VALUES ('filestocontacts',newdata.ids,newdata.cname||' '||newdata.description||' '||newdata.filename)
84: mpv5.db.common.DatabaseConnection: CREATE TRIGGER filestocontacts_indexer4 AFTER DELETE ON filestocontacts REFERENCING OLD AS newdata FOR EACH ROW DELETE FROM searchindex WHERE dbidentity = 'filestocontacts' AND  rowid = newdata.ids
85: mpv5.db.common.DatabaseConnection: CREATE TRIGGER groups_indexer1 AFTER INSERT ON groups REFERENCING NEW AS newdata FOR EACH ROW INSERT INTO searchindex (dbidentity, rowid, text) VALUES ('groups',newdata.ids,newdata.cname||' '||newdata.description||' '||newdata.dateadded)
86: mpv5.db.common.DatabaseConnection: CREATE TRIGGER groups_indexer2 AFTER UPDATE ON groups REFERENCING NEW AS newdata FOR EACH ROW DELETE FROM searchindex WHERE dbidentity = 'groups' AND  rowid = newdata.ids
87: mpv5.db.common.DatabaseConnection: CREATE TRIGGER groups_indexer3 AFTER UPDATE ON groups REFERENCING NEW AS newdata FOR EACH ROW INSERT INTO searchindex (dbidentity, rowid, text) VALUES ('groups',newdata.ids,newdata.cname||' '||newdata.description||' '||newdata.dateadded)
88: mpv5.db.common.DatabaseConnection: CREATE TRIGGER groups_indexer4 AFTER DELETE ON groups REFERENCING OLD AS newdata FOR EACH ROW DELETE FROM searchindex WHERE dbidentity = 'groups' AND  rowid = newdata.ids
89: mpv5.db.common.DatabaseConnection: CREATE TRIGGER items_indexer1 AFTER INSERT ON items REFERENCING NEW AS newdata FOR EACH ROW INSERT INTO searchindex (dbidentity, rowid, text) VALUES ('items',newdata.ids,newdata.cname||' '||newdata.dateadded)
90: mpv5.db.common.DatabaseConnection: CREATE TRIGGER items_indexer2 AFTER UPDATE ON items REFERENCING NEW AS newdata FOR EACH ROW DELETE FROM searchindex WHERE dbidentity = 'items' AND  rowid = newdata.ids
91: mpv5.db.common.DatabaseConnection: CREATE TRIGGER items_indexer3 AFTER UPDATE ON items REFERENCING NEW AS newdata FOR EACH ROW INSERT INTO searchindex (dbidentity, rowid, text) VALUES ('items',newdata.ids,newdata.cname||' '||newdata.dateadded)
92: mpv5.db.common.DatabaseConnection: CREATE TRIGGER items_indexer4 AFTER DELETE ON items REFERENCING OLD AS newdata FOR EACH ROW DELETE FROM searchindex WHERE dbidentity = 'items' AND  rowid = newdata.ids
93: mpv5.db.common.DatabaseConnection: CREATE TRIGGER items_trash2 AFTER DELETE ON items REFERENCING OLD AS newdata FOR EACH ROW DELETE FROM trashbin WHERE cname = 'items' AND  rowid = newdata.ids
94: mpv5.db.common.DatabaseConnection: CREATE TRIGGER items_trash1 AFTER UPDATE ON items REFERENCING NEW AS newdata FOR EACH ROW INSERT INTO trashbin (deleteme, cname, rowid, description) VALUES (newdata.invisible,'items',newdata.ids,newdata.cname)
95: mpv5.db.common.DatabaseConnection: CREATE TRIGGER subitems_indexer1 AFTER INSERT ON subitems REFERENCING NEW AS newdata FOR EACH ROW INSERT INTO searchindex (dbidentity, rowid, text) VALUES ('subitems',newdata.ids,newdata.cname||' '||newdata.description||' '||newdata.dateadded)
96: mpv5.db.common.DatabaseConnection: CREATE TRIGGER subitems_indexer2 AFTER UPDATE ON subitems REFERENCING NEW AS newdata FOR EACH ROW DELETE FROM searchindex WHERE dbidentity = 'subitems' AND  rowid = newdata.ids
97: mpv5.db.common.DatabaseConnection: CREATE TRIGGER subitems_indexer3 AFTER UPDATE ON subitems REFERENCING NEW AS newdata FOR EACH ROW INSERT INTO searchindex (dbidentity, rowid, text) VALUES ('subitems',newdata.ids,newdata.cname||' '||newdata.description||' '||newdata.dateadded)
98: mpv5.db.common.DatabaseConnection: CREATE TRIGGER subitems_indexer4 AFTER DELETE ON subitems REFERENCING OLD AS newdata FOR EACH ROW DELETE FROM searchindex WHERE dbidentity = 'subitems' AND  rowid = newdata.ids
99: mpv5.db.common.DatabaseConnection: CREATE TRIGGER products_indexer1 AFTER INSERT ON products REFERENCING NEW AS newdata FOR EACH ROW INSERT INTO searchindex (dbidentity, rowid, text) VALUES ('products',newdata.ids,newdata.cname||' '||newdata.cnumber||' '||newdata.description||' '||newdata.dateadded)
100: mpv5.db.common.DatabaseConnection: CREATE TRIGGER products_indexer2 AFTER UPDATE ON products REFERENCING NEW AS newdata FOR EACH ROW DELETE FROM searchindex WHERE dbidentity = 'products' AND  rowid = newdata.ids
101: mpv5.db.common.DatabaseConnection: CREATE TRIGGER products_indexer3 AFTER UPDATE ON products REFERENCING NEW AS newdata FOR EACH ROW INSERT INTO searchindex (dbidentity, rowid, text) VALUES ('products',newdata.ids,newdata.cname||' '||newdata.cnumber||' '||newdata.description||' '||newdata.dateadded)
102: mpv5.db.common.DatabaseConnection: CREATE TRIGGER products_indexer4 AFTER DELETE ON products REFERENCING OLD AS newdata FOR EACH ROW DELETE FROM searchindex WHERE dbidentity = 'products' AND  rowid = newdata.ids
103: mpv5.db.common.DatabaseConnection: CREATE TRIGGER products_trash1 AFTER UPDATE ON products REFERENCING NEW AS newdata FOR EACH ROW INSERT INTO trashbin (deleteme, cname, rowid, description) VALUES (newdata.invisible, 'products',newdata.ids,newdata.cnumber||' ('|| newdata.cname||')')
104: mpv5.db.common.DatabaseConnection: CREATE TRIGGER messages_trash1 AFTER UPDATE ON messages REFERENCING NEW AS newdata FOR EACH ROW INSERT INTO trashbin (deleteme, cname, rowid, description) VALUES (newdata.invisible, 'messages',newdata.ids,' ('|| newdata.cname||')')
105: mpv5.db.common.DatabaseConnection: CREATE TRIGGER messages_trash2 AFTER DELETE ON messages REFERENCING OLD AS newdata FOR EACH ROW DELETE FROM trashbin WHERE cname = 'messages' AND  rowid = newdata.ids
106: mpv5.db.common.DatabaseConnection: CREATE TRIGGER products_trash2 AFTER DELETE ON products REFERENCING OLD AS newdata FOR EACH ROW DELETE FROM trashbin WHERE cname = 'products' AND  rowid = newdata.ids
107: mpv5.db.common.DatabaseConnection: CREATE TRIGGER thrash_handler1 AFTER INSERT ON trashbin FOR EACH STATEMENT DELETE FROM trashbin WHERE deleteme = 0
108: mpv5.db.common.DatabaseConnection: CREATE TRIGGER thrash_handler2 AFTER INSERT ON trashbin FOR EACH STATEMENT DELETE FROM trashbin WHERE ids IN (SELECT ids FROM trashbin WHERE EXISTS( SELECT ids FROM trashbin AS tmptable WHERE trashbin.cname = tmptable.cname AND trashbin.rowid = tmptable.rowid HAVING trashbin.ids < MAX(tmptable.ids) ) )
109: mpv5.db.common.DatabaseConnection: INSERT INTO tax(cname, dateadded, identifier) VALUES ('Default', '2009-04-03 09:31:33', 'Default 0%')
110: mpv5.db.common.DatabaseConnection: INSERT INTO tax(cname, dateadded, identifier, taxvalue) VALUES ('Default', '2009-04-03 09:31:33', 'Default 19%', 19.0)
111: mpv5.db.common.DatabaseConnection: INSERT INTO tax(cname, dateadded, identifier, taxvalue) VALUES ('Default', '2009-04-03 09:31:33', 'Default 7%', 7.0)
112: mpv5.db.common.DatabaseConnection: INSERT INTO groups (cname,description, dateadded) VALUES ('All Groups','This group holds all yet ungrouped items.', '2009-04-03 09:31:33')
113: mpv5.db.common.DatabaseConnection: INSERT INTO groups (cname,description, dateadded) VALUES ('ungrouped','This group holds all yet ungrouped items.', '2009-04-03 09:31:33')
114: mpv5.db.common.DatabaseConnection: INSERT INTO accounts (cname,description, dateadded, taxvalue, intaccounttype) VALUES ('All Accounts','This account holds all yet ungrouped items.', '2009-04-03 09:31:33', 0.0, 0)
115: mpv5.db.common.DatabaseConnection: INSERT INTO users (fullname,password,cname,laf,locale,mail,language,inthighestright,datelastlog,isenabled, dateadded ) VALUES ('Administrator','5f4dcc3b5aa765d61d8327deb882cf99','admin','de.muntjak.tinylookandfeel.TinyLookAndFeel','en_GB','','buildin_en',0,'2009-04-03 09:31:33',1,'2009-04-03 09:31:33')
116: mpv5.globals.LocalSettings: Changing property 'cachedir' to: /home/anti/.mp/Cache
117: mpv5.data.PropertyStore: Adding property: cachedir = /home/anti/.mp/Cache
118: mpv5.utils.xml.XMLWriter: Updating /home/anti/.mp/settings5.mp
119: mpv5.db.common.QueryHandler: freeSelectQuery::SELECT * FROM users WHERE users.IDS>0
120: mpv5.db.common.DatabaseObject: Preparing to explode rows: 1
121: mpv5.db.common.DatabaseObject: Rows found: 1
122: mpv5.data.PropertyStore: Adding property: lastuser = null
123: mpv5.db.common.QueryHandler: freeSelectQuery::SELECT * FROM pluginstousers  WHERE usersids=4343 AND  pluginstousers.IDS>0
124: mpv5.db.common.DatabaseObject: Rows found: 0
125: mpv5.db.common.QueryHandler: freeSelectQuery::SELECT cname, usersids, itemsids FROM favourites  WHERE favourites.usersids = 4343 AND  favourites.IDS>0
126: mpv5.db.common.QueryHandler: freeSelectQuery::SELECT ids,cname,cnumber FROM contacts  WHERE contacts.cname  LIKE  '%%' AND   contacts.iscustomer=1  AND invisible = 0   ORDER BY contacts.ids DESC 
127: mpv5.db.common.QueryHandler: freeSelectQuery::SELECT ids, cname FROM contacts  WHERE   contacts.iscompany=1  AND invisible = 0 
128: mpv5.db.common.QueryHandler: freeSelectQuery::SELECT ids, cname FROM groups  WHERE  groups.IDS>0
129: mpv5.db.common.QueryHandler: freeSelectQuery::SELECT ids,cname,cnumber FROM contacts  WHERE contacts.cname  LIKE  '%%' AND   contacts.iscustomer=1  AND invisible = 0   ORDER BY contacts.ids DESC 
130: mpv5.db.common.QueryHandler: freeSelectQuery::SELECT files0.cname,filestocontacts.cname, files0.dateadded,filestocontacts.description FROM filestocontacts  LEFT OUTER JOIN files AS files0 ON files0.cname = filestocontacts.filename WHERE filestocontacts.contactsids = 0 AND  filestocontacts.IDS>0
131: mpv5.db.common.QueryHandler: freeSelectQuery::SELECT iso, cname FROM countries  WHERE  countries.IDS>0